<?xml version="1.0" encoding="UTF-8"?>
<!-- Generated by org.testng.reporters.JUnitXMLReporter -->
<testsuite ignored="0" hostname="DESKTOP-VHKTSOS" failures="0" tests="5" name="Login Tests" time="35.187" errors="0" timestamp="2024-07-15T22:04:49 EEST">
  <testcase classname="java_project.LoginTest" name="testEmptyPassword" time="3.422"/>
  <testcase classname="java_project.LoginTest" name="testEmptyUsername" time="0.34"/>
  <testcase classname="java_project.LoginTest" name="testInvalidCredentials" time="2.928"/>
  <testcase classname="java_project.LoginTest" name="testLoginFieldsPresence" time="0.087"/>
  <testcase classname="java_project.LoginTest" name="testValidCredentials" time="0.635"/>
</testsuite> <!-- Login Tests -->
